2025-06-01 23:20:16.524 -06:00 [INF] Now listening on: https://localhost:7203
2025-06-01 23:20:16.565 -06:00 [INF] Now listening on: http://localhost:5157
2025-06-01 23:20:16.642 -06:00 [INF] Application started. Press Ctrl+C to shut down.
2025-06-01 23:20:16.643 -06:00 [INF] Hosting environment: Development
2025-06-01 23:20:16.644 -06:00 [INF] Content root path: C:\Proyectos\Inceptio\Capacitaciones\azure-training\UserManagement\UserManagement
2025-06-01 23:20:19.402 -06:00 [INF] Request starting HTTP/2 GET https://localhost:7203/swagger/index.html - null null
2025-06-01 23:20:19.580 -06:00 [INF] Request finished HTTP/2 GET https://localhost:7203/swagger/index.html - 200 null text/html;charset=utf-8 189.1258ms
2025-06-01 23:20:19.588 -06:00 [INF] Request starting HTTP/2 GET https://localhost:7203/_framework/aspnetcore-browser-refresh.js - null null
2025-06-01 23:20:19.588 -06:00 [INF] Request starting HTTP/2 GET https://localhost:7203/_vs/browserLink - null null
2025-06-01 23:20:19.596 -06:00 [INF] Request finished HTTP/2 GET https://localhost:7203/_framework/aspnetcore-browser-refresh.js - 200 13780 application/javascript; charset=utf-8 9.1906ms
2025-06-01 23:20:19.667 -06:00 [INF] Request finished HTTP/2 GET https://localhost:7203/_vs/browserLink - 200 null text/javascript; charset=UTF-8 79.9806ms
2025-06-01 23:20:19.697 -06:00 [INF] Request starting HTTP/2 GET https://localhost:7203/swagger/v1/swagger.json - null null
2025-06-01 23:20:19.715 -06:00 [INF] Request finished HTTP/2 GET https://localhost:7203/swagger/v1/swagger.json - 200 null application/json;charset=utf-8 18.405ms
2025-06-01 23:20:22.581 -06:00 [INF] Request starting HTTP/2 GET https://localhost:7203/api/Users - null null
2025-06-01 23:20:22.604 -06:00 [INF] Executing endpoint 'UserManagement.Controllers.UsersController.GetUsers (UserManagement)'
2025-06-01 23:20:22.733 -06:00 [INF] Route matched with {action = "GetUsers", controller = "Users"}. Executing controller action with signature System.Threading.Tasks.Task`1[Microsoft.AspNetCore.Mvc.IActionResult] GetUsers(UserManagement.Domain.Users.Dtos.UserParametersDto) on controller UserManagement.Controllers.UsersController (UserManagement).
2025-06-01 23:20:22.761 -06:00 [INF] Executing action method UserManagement.Controllers.UsersController.GetUsers (UserManagement) - Validation state: "Valid"
2025-06-01 23:20:23.623 -06:00 [ERR] An error occurred using the connection to database '' on server ''.
2025-06-01 23:20:23.635 -06:00 [ERR] An exception occurred while iterating over the results of a query for context type 'UserManagement.Databases.UserManagementDbContext'.
System.InvalidOperationException: The ConnectionString property has not been initialized.
   at Microsoft.Data.SqlClient.SqlConnection.PermissionDemand()
   at Microsoft.Data.SqlClient.SqlConnectionFactory.PermissionDemand(DbConnection outerConnection)
   at Microsoft.Data.ProviderBase.DbConnectionInternal.TryOpenConnectionInternal(DbConnection outerConnection, DbConnectionFactory connectionFactory, TaskCompletionSource`1 retry, DbConnectionOptions userOptions)
   at Microsoft.Data.ProviderBase.DbConnectionClosed.TryOpenConnection(DbConnection outerConnection, DbConnectionFactory connectionFactory, TaskCompletionSource`1 retry, DbConnectionOptions userOptions)
   at Microsoft.Data.SqlClient.SqlConnection.TryOpen(TaskCompletionSource`1 retry, SqlConnectionOverrides overrides)
   at Microsoft.Data.SqlClient.SqlConnection.InternalOpenAsync(CancellationToken cancellationToken)
--- End of stack trace from previous location ---
   at Microsoft.EntityFrameworkCore.Storage.RelationalConnection.OpenInternalAsync(Boolean errorsExpected, CancellationToken cancellationToken)
   at Microsoft.EntityFrameworkCore.Storage.RelationalConnection.OpenInternalAsync(Boolean errorsExpected, CancellationToken cancellationToken)
   at Microsoft.EntityFrameworkCore.Storage.RelationalConnection.OpenAsync(CancellationToken cancellationToken, Boolean errorsExpected)
   at Microsoft.EntityFrameworkCore.Storage.RelationalCommand.ExecuteReaderAsync(RelationalCommandParameterObject parameterObject, CancellationToken cancellationToken)
   at Microsoft.EntityFrameworkCore.Query.Internal.SingleQueryingEnumerable`1.AsyncEnumerator.InitializeReaderAsync(AsyncEnumerator enumerator, CancellationToken cancellationToken)
   at Microsoft.EntityFrameworkCore.SqlServer.Storage.Internal.SqlServerExecutionStrategy.ExecuteAsync[TState,TResult](TState state, Func`4 operation, Func`4 verifySucceeded, CancellationToken cancellationToken)
   at Microsoft.EntityFrameworkCore.Query.Internal.SingleQueryingEnumerable`1.AsyncEnumerator.MoveNextAsync()
System.InvalidOperationException: The ConnectionString property has not been initialized.
   at Microsoft.Data.SqlClient.SqlConnection.PermissionDemand()
   at Microsoft.Data.SqlClient.SqlConnectionFactory.PermissionDemand(DbConnection outerConnection)
   at Microsoft.Data.ProviderBase.DbConnectionInternal.TryOpenConnectionInternal(DbConnection outerConnection, DbConnectionFactory connectionFactory, TaskCompletionSource`1 retry, DbConnectionOptions userOptions)
   at Microsoft.Data.ProviderBase.DbConnectionClosed.TryOpenConnection(DbConnection outerConnection, DbConnectionFactory connectionFactory, TaskCompletionSource`1 retry, DbConnectionOptions userOptions)
   at Microsoft.Data.SqlClient.SqlConnection.TryOpen(TaskCompletionSource`1 retry, SqlConnectionOverrides overrides)
   at Microsoft.Data.SqlClient.SqlConnection.InternalOpenAsync(CancellationToken cancellationToken)
--- End of stack trace from previous location ---
   at Microsoft.EntityFrameworkCore.Storage.RelationalConnection.OpenInternalAsync(Boolean errorsExpected, CancellationToken cancellationToken)
   at Microsoft.EntityFrameworkCore.Storage.RelationalConnection.OpenInternalAsync(Boolean errorsExpected, CancellationToken cancellationToken)
   at Microsoft.EntityFrameworkCore.Storage.RelationalConnection.OpenAsync(CancellationToken cancellationToken, Boolean errorsExpected)
   at Microsoft.EntityFrameworkCore.Storage.RelationalCommand.ExecuteReaderAsync(RelationalCommandParameterObject parameterObject, CancellationToken cancellationToken)
   at Microsoft.EntityFrameworkCore.Query.Internal.SingleQueryingEnumerable`1.AsyncEnumerator.InitializeReaderAsync(AsyncEnumerator enumerator, CancellationToken cancellationToken)
   at Microsoft.EntityFrameworkCore.SqlServer.Storage.Internal.SqlServerExecutionStrategy.ExecuteAsync[TState,TResult](TState state, Func`4 operation, Func`4 verifySucceeded, CancellationToken cancellationToken)
   at Microsoft.EntityFrameworkCore.Query.Internal.SingleQueryingEnumerable`1.AsyncEnumerator.MoveNextAsync()
2025-06-01 23:20:23.703 -06:00 [INF] Executed action UserManagement.Controllers.UsersController.GetUsers (UserManagement) in 966.1923ms
2025-06-01 23:20:23.706 -06:00 [INF] Executed endpoint 'UserManagement.Controllers.UsersController.GetUsers (UserManagement)'
2025-06-01 23:20:23.708 -06:00 [ERR] HTTP GET /api/Users responded 500 in 1120.2263 ms
System.InvalidOperationException: The ConnectionString property has not been initialized.
   at Microsoft.Data.SqlClient.SqlConnection.PermissionDemand()
   at Microsoft.Data.SqlClient.SqlConnectionFactory.PermissionDemand(DbConnection outerConnection)
   at Microsoft.Data.ProviderBase.DbConnectionInternal.TryOpenConnectionInternal(DbConnection outerConnection, DbConnectionFactory connectionFactory, TaskCompletionSource`1 retry, DbConnectionOptions userOptions)
   at Microsoft.Data.ProviderBase.DbConnectionClosed.TryOpenConnection(DbConnection outerConnection, DbConnectionFactory connectionFactory, TaskCompletionSource`1 retry, DbConnectionOptions userOptions)
   at Microsoft.Data.SqlClient.SqlConnection.TryOpen(TaskCompletionSource`1 retry, SqlConnectionOverrides overrides)
   at Microsoft.Data.SqlClient.SqlConnection.InternalOpenAsync(CancellationToken cancellationToken)
--- End of stack trace from previous location ---
   at Microsoft.EntityFrameworkCore.Storage.RelationalConnection.OpenInternalAsync(Boolean errorsExpected, CancellationToken cancellationToken)
   at Microsoft.EntityFrameworkCore.Storage.RelationalConnection.OpenInternalAsync(Boolean errorsExpected, CancellationToken cancellationToken)
   at Microsoft.EntityFrameworkCore.Storage.RelationalConnection.OpenAsync(CancellationToken cancellationToken, Boolean errorsExpected)
   at Microsoft.EntityFrameworkCore.Storage.RelationalCommand.ExecuteReaderAsync(RelationalCommandParameterObject parameterObject, CancellationToken cancellationToken)
   at Microsoft.EntityFrameworkCore.Query.Internal.SingleQueryingEnumerable`1.AsyncEnumerator.InitializeReaderAsync(AsyncEnumerator enumerator, CancellationToken cancellationToken)
   at Microsoft.EntityFrameworkCore.SqlServer.Storage.Internal.SqlServerExecutionStrategy.ExecuteAsync[TState,TResult](TState state, Func`4 operation, Func`4 verifySucceeded, CancellationToken cancellationToken)
   at Microsoft.EntityFrameworkCore.Query.Internal.SingleQueryingEnumerable`1.AsyncEnumerator.MoveNextAsync()
   at Microsoft.EntityFrameworkCore.EntityFrameworkQueryableExtensions.ToListAsync[TSource](IQueryable`1 source, CancellationToken cancellationToken)
   at Microsoft.EntityFrameworkCore.EntityFrameworkQueryableExtensions.ToListAsync[TSource](IQueryable`1 source, CancellationToken cancellationToken)
   at UserManagement.Domain.Users.Features.GetUserList.Handler.Handle(Query request, CancellationToken cancellationToken) in C:\Proyectos\Inceptio\Capacitaciones\azure-training\UserManagement\UserManagement\Domain\Users\Features\GetUserList.cs:line 33
   at UserManagement.Controllers.UsersController.GetUsers(UserParametersDto userParametersDto) in C:\Proyectos\Inceptio\Capacitaciones\azure-training\UserManagement\UserManagement\Controllers\UsersController.cs:line 32
   at Microsoft.AspNetCore.Mvc.Infrastructure.ActionMethodExecutor.TaskOfIActionResultExecutor.Execute(ActionContext actionContext, IActionResultTypeMapper mapper, ObjectMethodExecutor executor, Object controller, Object[] arguments)
   at Microsoft.AspNetCore.Mvc.Infrastructure.ControllerActionInvoker.<InvokeActionMethodAsync>g__Logged|12_1(ControllerActionInvoker invoker)
   at Microsoft.AspNetCore.Mvc.Infrastructure.ControllerActionInvoker.<InvokeNextActionFilterAsync>g__Awaited|10_0(ControllerActionInvoker invoker, Task lastTask, State next, Scope scope, Object state, Boolean isCompleted)
   at Microsoft.AspNetCore.Mvc.Infrastructure.ControllerActionInvoker.Rethrow(ActionExecutedContextSealed context)
   at Microsoft.AspNetCore.Mvc.Infrastructure.ControllerActionInvoker.Next(State& next, Scope& scope, Object& state, Boolean& isCompleted)
   at Microsoft.AspNetCore.Mvc.Infrastructure.ControllerActionInvoker.InvokeInnerFilterAsync()
--- End of stack trace from previous location ---
   at Microsoft.AspNetCore.Mvc.Infrastructure.ResourceInvoker.<InvokeFilterPipelineAsync>g__Awaited|20_0(ResourceInvoker invoker, Task lastTask, State next, Scope scope, Object state, Boolean isCompleted)
   at Microsoft.AspNetCore.Mvc.Infrastructure.ResourceInvoker.<InvokeAsync>g__Logged|17_1(ResourceInvoker invoker)
   at Microsoft.AspNetCore.Mvc.Infrastructure.ResourceInvoker.<InvokeAsync>g__Logged|17_1(ResourceInvoker invoker)
   at Microsoft.AspNetCore.Routing.EndpointMiddleware.<Invoke>g__AwaitRequestTask|7_0(Endpoint endpoint, Task requestTask, ILogger logger)
   at Microsoft.AspNetCore.Authorization.AuthorizationMiddleware.Invoke(HttpContext context)
   at Serilog.AspNetCore.RequestLoggingMiddleware.Invoke(HttpContext httpContext)
2025-06-01 23:20:23.728 -06:00 [ERR] An unhandled exception has occurred while executing the request.
System.InvalidOperationException: The ConnectionString property has not been initialized.
   at Microsoft.Data.SqlClient.SqlConnection.PermissionDemand()
   at Microsoft.Data.SqlClient.SqlConnectionFactory.PermissionDemand(DbConnection outerConnection)
   at Microsoft.Data.ProviderBase.DbConnectionInternal.TryOpenConnectionInternal(DbConnection outerConnection, DbConnectionFactory connectionFactory, TaskCompletionSource`1 retry, DbConnectionOptions userOptions)
   at Microsoft.Data.ProviderBase.DbConnectionClosed.TryOpenConnection(DbConnection outerConnection, DbConnectionFactory connectionFactory, TaskCompletionSource`1 retry, DbConnectionOptions userOptions)
   at Microsoft.Data.SqlClient.SqlConnection.TryOpen(TaskCompletionSource`1 retry, SqlConnectionOverrides overrides)
   at Microsoft.Data.SqlClient.SqlConnection.InternalOpenAsync(CancellationToken cancellationToken)
--- End of stack trace from previous location ---
   at Microsoft.EntityFrameworkCore.Storage.RelationalConnection.OpenInternalAsync(Boolean errorsExpected, CancellationToken cancellationToken)
   at Microsoft.EntityFrameworkCore.Storage.RelationalConnection.OpenInternalAsync(Boolean errorsExpected, CancellationToken cancellationToken)
   at Microsoft.EntityFrameworkCore.Storage.RelationalConnection.OpenAsync(CancellationToken cancellationToken, Boolean errorsExpected)
   at Microsoft.EntityFrameworkCore.Storage.RelationalCommand.ExecuteReaderAsync(RelationalCommandParameterObject parameterObject, CancellationToken cancellationToken)
   at Microsoft.EntityFrameworkCore.Query.Internal.SingleQueryingEnumerable`1.AsyncEnumerator.InitializeReaderAsync(AsyncEnumerator enumerator, CancellationToken cancellationToken)
   at Microsoft.EntityFrameworkCore.SqlServer.Storage.Internal.SqlServerExecutionStrategy.ExecuteAsync[TState,TResult](TState state, Func`4 operation, Func`4 verifySucceeded, CancellationToken cancellationToken)
   at Microsoft.EntityFrameworkCore.Query.Internal.SingleQueryingEnumerable`1.AsyncEnumerator.MoveNextAsync()
   at Microsoft.EntityFrameworkCore.EntityFrameworkQueryableExtensions.ToListAsync[TSource](IQueryable`1 source, CancellationToken cancellationToken)
   at Microsoft.EntityFrameworkCore.EntityFrameworkQueryableExtensions.ToListAsync[TSource](IQueryable`1 source, CancellationToken cancellationToken)
   at UserManagement.Domain.Users.Features.GetUserList.Handler.Handle(Query request, CancellationToken cancellationToken) in C:\Proyectos\Inceptio\Capacitaciones\azure-training\UserManagement\UserManagement\Domain\Users\Features\GetUserList.cs:line 33
   at UserManagement.Controllers.UsersController.GetUsers(UserParametersDto userParametersDto) in C:\Proyectos\Inceptio\Capacitaciones\azure-training\UserManagement\UserManagement\Controllers\UsersController.cs:line 32
   at Microsoft.AspNetCore.Mvc.Infrastructure.ActionMethodExecutor.TaskOfIActionResultExecutor.Execute(ActionContext actionContext, IActionResultTypeMapper mapper, ObjectMethodExecutor executor, Object controller, Object[] arguments)
   at Microsoft.AspNetCore.Mvc.Infrastructure.ControllerActionInvoker.<InvokeActionMethodAsync>g__Logged|12_1(ControllerActionInvoker invoker)
   at Microsoft.AspNetCore.Mvc.Infrastructure.ControllerActionInvoker.<InvokeNextActionFilterAsync>g__Awaited|10_0(ControllerActionInvoker invoker, Task lastTask, State next, Scope scope, Object state, Boolean isCompleted)
   at Microsoft.AspNetCore.Mvc.Infrastructure.ControllerActionInvoker.Rethrow(ActionExecutedContextSealed context)
   at Microsoft.AspNetCore.Mvc.Infrastructure.ControllerActionInvoker.Next(State& next, Scope& scope, Object& state, Boolean& isCompleted)
   at Microsoft.AspNetCore.Mvc.Infrastructure.ControllerActionInvoker.InvokeInnerFilterAsync()
--- End of stack trace from previous location ---
   at Microsoft.AspNetCore.Mvc.Infrastructure.ResourceInvoker.<InvokeFilterPipelineAsync>g__Awaited|20_0(ResourceInvoker invoker, Task lastTask, State next, Scope scope, Object state, Boolean isCompleted)
   at Microsoft.AspNetCore.Mvc.Infrastructure.ResourceInvoker.<InvokeAsync>g__Logged|17_1(ResourceInvoker invoker)
   at Microsoft.AspNetCore.Mvc.Infrastructure.ResourceInvoker.<InvokeAsync>g__Logged|17_1(ResourceInvoker invoker)
   at Microsoft.AspNetCore.Routing.EndpointMiddleware.<Invoke>g__AwaitRequestTask|7_0(Endpoint endpoint, Task requestTask, ILogger logger)
   at Microsoft.AspNetCore.Authorization.AuthorizationMiddleware.Invoke(HttpContext context)
   at Serilog.AspNetCore.RequestLoggingMiddleware.Invoke(HttpContext httpContext)
   at Swashbuckle.AspNetCore.SwaggerUI.SwaggerUIMiddleware.Invoke(HttpContext httpContext)
   at Swashbuckle.AspNetCore.Swagger.SwaggerMiddleware.Invoke(HttpContext httpContext, ISwaggerProvider swaggerProvider)
   at Microsoft.AspNetCore.Authentication.AuthenticationMiddleware.Invoke(HttpContext context)
   at Microsoft.AspNetCore.Diagnostics.DeveloperExceptionPageMiddlewareImpl.Invoke(HttpContext context)
2025-06-01 23:20:23.750 -06:00 [INF] Request finished HTTP/2 GET https://localhost:7203/api/Users - 500 null text/plain; charset=utf-8 1169.2371ms
2025-06-01 23:23:30.429 -06:00 [INF] Now listening on: https://localhost:7203
2025-06-01 23:23:30.453 -06:00 [INF] Now listening on: http://localhost:5157
2025-06-01 23:23:30.517 -06:00 [INF] Application started. Press Ctrl+C to shut down.
2025-06-01 23:23:30.518 -06:00 [INF] Hosting environment: Development
2025-06-01 23:23:30.519 -06:00 [INF] Content root path: C:\Proyectos\Inceptio\Capacitaciones\azure-training\UserManagement\UserManagement
2025-06-01 23:23:30.771 -06:00 [INF] Request starting HTTP/2 GET https://localhost:7203/swagger/index.html - null null
2025-06-01 23:23:30.918 -06:00 [INF] Request finished HTTP/2 GET https://localhost:7203/swagger/index.html - 200 null text/html;charset=utf-8 157.3049ms
2025-06-01 23:23:30.921 -06:00 [INF] Request starting HTTP/2 GET https://localhost:7203/_framework/aspnetcore-browser-refresh.js - null null
2025-06-01 23:23:30.921 -06:00 [INF] Request starting HTTP/2 GET https://localhost:7203/_vs/browserLink - null null
2025-06-01 23:23:30.927 -06:00 [INF] Request finished HTTP/2 GET https://localhost:7203/_framework/aspnetcore-browser-refresh.js - 200 13780 application/javascript; charset=utf-8 6.5517ms
2025-06-01 23:23:30.955 -06:00 [INF] Request finished HTTP/2 GET https://localhost:7203/_vs/browserLink - 200 null text/javascript; charset=UTF-8 34.5844ms
2025-06-01 23:23:30.987 -06:00 [INF] Request starting HTTP/2 GET https://localhost:7203/swagger/v1/swagger.json - null null
2025-06-01 23:23:31.001 -06:00 [INF] Request finished HTTP/2 GET https://localhost:7203/swagger/v1/swagger.json - 200 null application/json;charset=utf-8 13.9653ms
2025-06-01 23:23:35.012 -06:00 [INF] Request starting HTTP/2 GET https://localhost:7203/api/Users - null null
2025-06-01 23:23:35.031 -06:00 [INF] Executing endpoint 'UserManagement.Controllers.UsersController.GetUsers (UserManagement)'
2025-06-01 23:23:35.129 -06:00 [INF] Route matched with {action = "GetUsers", controller = "Users"}. Executing controller action with signature System.Threading.Tasks.Task`1[Microsoft.AspNetCore.Mvc.IActionResult] GetUsers(UserManagement.Domain.Users.Dtos.UserParametersDto) on controller UserManagement.Controllers.UsersController (UserManagement).
2025-06-01 23:23:35.151 -06:00 [INF] Executing action method UserManagement.Controllers.UsersController.GetUsers (UserManagement) - Validation state: "Valid"
2025-06-01 23:23:35.927 -06:00 [ERR] An error occurred using the connection to database '' on server ''.
2025-06-01 23:23:35.939 -06:00 [ERR] An exception occurred while iterating over the results of a query for context type 'UserManagement.Databases.UserManagementDbContext'.
System.InvalidOperationException: The ConnectionString property has not been initialized.
   at Microsoft.Data.SqlClient.SqlConnection.PermissionDemand()
   at Microsoft.Data.SqlClient.SqlConnectionFactory.PermissionDemand(DbConnection outerConnection)
   at Microsoft.Data.ProviderBase.DbConnectionInternal.TryOpenConnectionInternal(DbConnection outerConnection, DbConnectionFactory connectionFactory, TaskCompletionSource`1 retry, DbConnectionOptions userOptions)
   at Microsoft.Data.ProviderBase.DbConnectionClosed.TryOpenConnection(DbConnection outerConnection, DbConnectionFactory connectionFactory, TaskCompletionSource`1 retry, DbConnectionOptions userOptions)
   at Microsoft.Data.SqlClient.SqlConnection.TryOpen(TaskCompletionSource`1 retry, SqlConnectionOverrides overrides)
   at Microsoft.Data.SqlClient.SqlConnection.InternalOpenAsync(CancellationToken cancellationToken)
--- End of stack trace from previous location ---
   at Microsoft.EntityFrameworkCore.Storage.RelationalConnection.OpenInternalAsync(Boolean errorsExpected, CancellationToken cancellationToken)
   at Microsoft.EntityFrameworkCore.Storage.RelationalConnection.OpenInternalAsync(Boolean errorsExpected, CancellationToken cancellationToken)
   at Microsoft.EntityFrameworkCore.Storage.RelationalConnection.OpenAsync(CancellationToken cancellationToken, Boolean errorsExpected)
   at Microsoft.EntityFrameworkCore.Storage.RelationalCommand.ExecuteReaderAsync(RelationalCommandParameterObject parameterObject, CancellationToken cancellationToken)
   at Microsoft.EntityFrameworkCore.Query.Internal.SingleQueryingEnumerable`1.AsyncEnumerator.InitializeReaderAsync(AsyncEnumerator enumerator, CancellationToken cancellationToken)
   at Microsoft.EntityFrameworkCore.SqlServer.Storage.Internal.SqlServerExecutionStrategy.ExecuteAsync[TState,TResult](TState state, Func`4 operation, Func`4 verifySucceeded, CancellationToken cancellationToken)
   at Microsoft.EntityFrameworkCore.Query.Internal.SingleQueryingEnumerable`1.AsyncEnumerator.MoveNextAsync()
System.InvalidOperationException: The ConnectionString property has not been initialized.
   at Microsoft.Data.SqlClient.SqlConnection.PermissionDemand()
   at Microsoft.Data.SqlClient.SqlConnectionFactory.PermissionDemand(DbConnection outerConnection)
   at Microsoft.Data.ProviderBase.DbConnectionInternal.TryOpenConnectionInternal(DbConnection outerConnection, DbConnectionFactory connectionFactory, TaskCompletionSource`1 retry, DbConnectionOptions userOptions)
   at Microsoft.Data.ProviderBase.DbConnectionClosed.TryOpenConnection(DbConnection outerConnection, DbConnectionFactory connectionFactory, TaskCompletionSource`1 retry, DbConnectionOptions userOptions)
   at Microsoft.Data.SqlClient.SqlConnection.TryOpen(TaskCompletionSource`1 retry, SqlConnectionOverrides overrides)
   at Microsoft.Data.SqlClient.SqlConnection.InternalOpenAsync(CancellationToken cancellationToken)
--- End of stack trace from previous location ---
   at Microsoft.EntityFrameworkCore.Storage.RelationalConnection.OpenInternalAsync(Boolean errorsExpected, CancellationToken cancellationToken)
   at Microsoft.EntityFrameworkCore.Storage.RelationalConnection.OpenInternalAsync(Boolean errorsExpected, CancellationToken cancellationToken)
   at Microsoft.EntityFrameworkCore.Storage.RelationalConnection.OpenAsync(CancellationToken cancellationToken, Boolean errorsExpected)
   at Microsoft.EntityFrameworkCore.Storage.RelationalCommand.ExecuteReaderAsync(RelationalCommandParameterObject parameterObject, CancellationToken cancellationToken)
   at Microsoft.EntityFrameworkCore.Query.Internal.SingleQueryingEnumerable`1.AsyncEnumerator.InitializeReaderAsync(AsyncEnumerator enumerator, CancellationToken cancellationToken)
   at Microsoft.EntityFrameworkCore.SqlServer.Storage.Internal.SqlServerExecutionStrategy.ExecuteAsync[TState,TResult](TState state, Func`4 operation, Func`4 verifySucceeded, CancellationToken cancellationToken)
   at Microsoft.EntityFrameworkCore.Query.Internal.SingleQueryingEnumerable`1.AsyncEnumerator.MoveNextAsync()
2025-06-01 23:23:36.010 -06:00 [INF] Executed action UserManagement.Controllers.UsersController.GetUsers (UserManagement) in 876.425ms
2025-06-01 23:23:36.012 -06:00 [INF] Executed endpoint 'UserManagement.Controllers.UsersController.GetUsers (UserManagement)'
2025-06-01 23:23:36.015 -06:00 [ERR] HTTP GET /api/Users responded 500 in 997.6066 ms
System.InvalidOperationException: The ConnectionString property has not been initialized.
   at Microsoft.Data.SqlClient.SqlConnection.PermissionDemand()
   at Microsoft.Data.SqlClient.SqlConnectionFactory.PermissionDemand(DbConnection outerConnection)
   at Microsoft.Data.ProviderBase.DbConnectionInternal.TryOpenConnectionInternal(DbConnection outerConnection, DbConnectionFactory connectionFactory, TaskCompletionSource`1 retry, DbConnectionOptions userOptions)
   at Microsoft.Data.ProviderBase.DbConnectionClosed.TryOpenConnection(DbConnection outerConnection, DbConnectionFactory connectionFactory, TaskCompletionSource`1 retry, DbConnectionOptions userOptions)
   at Microsoft.Data.SqlClient.SqlConnection.TryOpen(TaskCompletionSource`1 retry, SqlConnectionOverrides overrides)
   at Microsoft.Data.SqlClient.SqlConnection.InternalOpenAsync(CancellationToken cancellationToken)
--- End of stack trace from previous location ---
   at Microsoft.EntityFrameworkCore.Storage.RelationalConnection.OpenInternalAsync(Boolean errorsExpected, CancellationToken cancellationToken)
   at Microsoft.EntityFrameworkCore.Storage.RelationalConnection.OpenInternalAsync(Boolean errorsExpected, CancellationToken cancellationToken)
   at Microsoft.EntityFrameworkCore.Storage.RelationalConnection.OpenAsync(CancellationToken cancellationToken, Boolean errorsExpected)
   at Microsoft.EntityFrameworkCore.Storage.RelationalCommand.ExecuteReaderAsync(RelationalCommandParameterObject parameterObject, CancellationToken cancellationToken)
   at Microsoft.EntityFrameworkCore.Query.Internal.SingleQueryingEnumerable`1.AsyncEnumerator.InitializeReaderAsync(AsyncEnumerator enumerator, CancellationToken cancellationToken)
   at Microsoft.EntityFrameworkCore.SqlServer.Storage.Internal.SqlServerExecutionStrategy.ExecuteAsync[TState,TResult](TState state, Func`4 operation, Func`4 verifySucceeded, CancellationToken cancellationToken)
   at Microsoft.EntityFrameworkCore.Query.Internal.SingleQueryingEnumerable`1.AsyncEnumerator.MoveNextAsync()
   at Microsoft.EntityFrameworkCore.EntityFrameworkQueryableExtensions.ToListAsync[TSource](IQueryable`1 source, CancellationToken cancellationToken)
   at Microsoft.EntityFrameworkCore.EntityFrameworkQueryableExtensions.ToListAsync[TSource](IQueryable`1 source, CancellationToken cancellationToken)
   at UserManagement.Domain.Users.Features.GetUserList.Handler.Handle(Query request, CancellationToken cancellationToken) in C:\Proyectos\Inceptio\Capacitaciones\azure-training\UserManagement\UserManagement\Domain\Users\Features\GetUserList.cs:line 33
   at UserManagement.Controllers.UsersController.GetUsers(UserParametersDto userParametersDto) in C:\Proyectos\Inceptio\Capacitaciones\azure-training\UserManagement\UserManagement\Controllers\UsersController.cs:line 32
   at Microsoft.AspNetCore.Mvc.Infrastructure.ActionMethodExecutor.TaskOfIActionResultExecutor.Execute(ActionContext actionContext, IActionResultTypeMapper mapper, ObjectMethodExecutor executor, Object controller, Object[] arguments)
   at Microsoft.AspNetCore.Mvc.Infrastructure.ControllerActionInvoker.<InvokeActionMethodAsync>g__Logged|12_1(ControllerActionInvoker invoker)
   at Microsoft.AspNetCore.Mvc.Infrastructure.ControllerActionInvoker.<InvokeNextActionFilterAsync>g__Awaited|10_0(ControllerActionInvoker invoker, Task lastTask, State next, Scope scope, Object state, Boolean isCompleted)
   at Microsoft.AspNetCore.Mvc.Infrastructure.ControllerActionInvoker.Rethrow(ActionExecutedContextSealed context)
   at Microsoft.AspNetCore.Mvc.Infrastructure.ControllerActionInvoker.Next(State& next, Scope& scope, Object& state, Boolean& isCompleted)
   at Microsoft.AspNetCore.Mvc.Infrastructure.ControllerActionInvoker.InvokeInnerFilterAsync()
--- End of stack trace from previous location ---
   at Microsoft.AspNetCore.Mvc.Infrastructure.ResourceInvoker.<InvokeFilterPipelineAsync>g__Awaited|20_0(ResourceInvoker invoker, Task lastTask, State next, Scope scope, Object state, Boolean isCompleted)
   at Microsoft.AspNetCore.Mvc.Infrastructure.ResourceInvoker.<InvokeAsync>g__Logged|17_1(ResourceInvoker invoker)
   at Microsoft.AspNetCore.Mvc.Infrastructure.ResourceInvoker.<InvokeAsync>g__Logged|17_1(ResourceInvoker invoker)
   at Microsoft.AspNetCore.Routing.EndpointMiddleware.<Invoke>g__AwaitRequestTask|7_0(Endpoint endpoint, Task requestTask, ILogger logger)
   at Microsoft.AspNetCore.Authorization.AuthorizationMiddleware.Invoke(HttpContext context)
   at Serilog.AspNetCore.RequestLoggingMiddleware.Invoke(HttpContext httpContext)
2025-06-01 23:23:36.038 -06:00 [ERR] An unhandled exception has occurred while executing the request.
System.InvalidOperationException: The ConnectionString property has not been initialized.
   at Microsoft.Data.SqlClient.SqlConnection.PermissionDemand()
   at Microsoft.Data.SqlClient.SqlConnectionFactory.PermissionDemand(DbConnection outerConnection)
   at Microsoft.Data.ProviderBase.DbConnectionInternal.TryOpenConnectionInternal(DbConnection outerConnection, DbConnectionFactory connectionFactory, TaskCompletionSource`1 retry, DbConnectionOptions userOptions)
   at Microsoft.Data.ProviderBase.DbConnectionClosed.TryOpenConnection(DbConnection outerConnection, DbConnectionFactory connectionFactory, TaskCompletionSource`1 retry, DbConnectionOptions userOptions)
   at Microsoft.Data.SqlClient.SqlConnection.TryOpen(TaskCompletionSource`1 retry, SqlConnectionOverrides overrides)
   at Microsoft.Data.SqlClient.SqlConnection.InternalOpenAsync(CancellationToken cancellationToken)
--- End of stack trace from previous location ---
   at Microsoft.EntityFrameworkCore.Storage.RelationalConnection.OpenInternalAsync(Boolean errorsExpected, CancellationToken cancellationToken)
   at Microsoft.EntityFrameworkCore.Storage.RelationalConnection.OpenInternalAsync(Boolean errorsExpected, CancellationToken cancellationToken)
   at Microsoft.EntityFrameworkCore.Storage.RelationalConnection.OpenAsync(CancellationToken cancellationToken, Boolean errorsExpected)
   at Microsoft.EntityFrameworkCore.Storage.RelationalCommand.ExecuteReaderAsync(RelationalCommandParameterObject parameterObject, CancellationToken cancellationToken)
   at Microsoft.EntityFrameworkCore.Query.Internal.SingleQueryingEnumerable`1.AsyncEnumerator.InitializeReaderAsync(AsyncEnumerator enumerator, CancellationToken cancellationToken)
   at Microsoft.EntityFrameworkCore.SqlServer.Storage.Internal.SqlServerExecutionStrategy.ExecuteAsync[TState,TResult](TState state, Func`4 operation, Func`4 verifySucceeded, CancellationToken cancellationToken)
   at Microsoft.EntityFrameworkCore.Query.Internal.SingleQueryingEnumerable`1.AsyncEnumerator.MoveNextAsync()
   at Microsoft.EntityFrameworkCore.EntityFrameworkQueryableExtensions.ToListAsync[TSource](IQueryable`1 source, CancellationToken cancellationToken)
   at Microsoft.EntityFrameworkCore.EntityFrameworkQueryableExtensions.ToListAsync[TSource](IQueryable`1 source, CancellationToken cancellationToken)
   at UserManagement.Domain.Users.Features.GetUserList.Handler.Handle(Query request, CancellationToken cancellationToken) in C:\Proyectos\Inceptio\Capacitaciones\azure-training\UserManagement\UserManagement\Domain\Users\Features\GetUserList.cs:line 33
   at UserManagement.Controllers.UsersController.GetUsers(UserParametersDto userParametersDto) in C:\Proyectos\Inceptio\Capacitaciones\azure-training\UserManagement\UserManagement\Controllers\UsersController.cs:line 32
   at Microsoft.AspNetCore.Mvc.Infrastructure.ActionMethodExecutor.TaskOfIActionResultExecutor.Execute(ActionContext actionContext, IActionResultTypeMapper mapper, ObjectMethodExecutor executor, Object controller, Object[] arguments)
   at Microsoft.AspNetCore.Mvc.Infrastructure.ControllerActionInvoker.<InvokeActionMethodAsync>g__Logged|12_1(ControllerActionInvoker invoker)
   at Microsoft.AspNetCore.Mvc.Infrastructure.ControllerActionInvoker.<InvokeNextActionFilterAsync>g__Awaited|10_0(ControllerActionInvoker invoker, Task lastTask, State next, Scope scope, Object state, Boolean isCompleted)
   at Microsoft.AspNetCore.Mvc.Infrastructure.ControllerActionInvoker.Rethrow(ActionExecutedContextSealed context)
   at Microsoft.AspNetCore.Mvc.Infrastructure.ControllerActionInvoker.Next(State& next, Scope& scope, Object& state, Boolean& isCompleted)
   at Microsoft.AspNetCore.Mvc.Infrastructure.ControllerActionInvoker.InvokeInnerFilterAsync()
--- End of stack trace from previous location ---
   at Microsoft.AspNetCore.Mvc.Infrastructure.ResourceInvoker.<InvokeFilterPipelineAsync>g__Awaited|20_0(ResourceInvoker invoker, Task lastTask, State next, Scope scope, Object state, Boolean isCompleted)
   at Microsoft.AspNetCore.Mvc.Infrastructure.ResourceInvoker.<InvokeAsync>g__Logged|17_1(ResourceInvoker invoker)
   at Microsoft.AspNetCore.Mvc.Infrastructure.ResourceInvoker.<InvokeAsync>g__Logged|17_1(ResourceInvoker invoker)
   at Microsoft.AspNetCore.Routing.EndpointMiddleware.<Invoke>g__AwaitRequestTask|7_0(Endpoint endpoint, Task requestTask, ILogger logger)
   at Microsoft.AspNetCore.Authorization.AuthorizationMiddleware.Invoke(HttpContext context)
   at Serilog.AspNetCore.RequestLoggingMiddleware.Invoke(HttpContext httpContext)
   at Swashbuckle.AspNetCore.SwaggerUI.SwaggerUIMiddleware.Invoke(HttpContext httpContext)
   at Swashbuckle.AspNetCore.Swagger.SwaggerMiddleware.Invoke(HttpContext httpContext, ISwaggerProvider swaggerProvider)
   at Microsoft.AspNetCore.Authentication.AuthenticationMiddleware.Invoke(HttpContext context)
   at Microsoft.AspNetCore.Diagnostics.DeveloperExceptionPageMiddlewareImpl.Invoke(HttpContext context)
2025-06-01 23:23:36.062 -06:00 [INF] Request finished HTTP/2 GET https://localhost:7203/api/Users - 500 null text/plain; charset=utf-8 1050.1032ms
2025-06-01 23:36:01.784 -06:00 [INF] Now listening on: https://localhost:7203
2025-06-01 23:36:01.807 -06:00 [INF] Now listening on: http://localhost:5157
2025-06-01 23:36:01.867 -06:00 [INF] Application started. Press Ctrl+C to shut down.
2025-06-01 23:36:01.868 -06:00 [INF] Hosting environment: Development
2025-06-01 23:36:01.869 -06:00 [INF] Content root path: C:\Proyectos\Inceptio\Capacitaciones\azure-training\UserManagement\UserManagement
2025-06-01 23:36:02.473 -06:00 [INF] Request starting HTTP/2 GET https://localhost:7203/swagger/index.html - null null
2025-06-01 23:36:02.967 -06:00 [INF] Request finished HTTP/2 GET https://localhost:7203/swagger/index.html - 200 null text/html;charset=utf-8 503.9981ms
2025-06-01 23:36:02.968 -06:00 [INF] Request starting HTTP/2 GET https://localhost:7203/_vs/browserLink - null null
2025-06-01 23:36:02.968 -06:00 [INF] Request starting HTTP/2 GET https://localhost:7203/_framework/aspnetcore-browser-refresh.js - null null
2025-06-01 23:36:03.083 -06:00 [INF] Request finished HTTP/2 GET https://localhost:7203/_framework/aspnetcore-browser-refresh.js - 200 13780 application/javascript; charset=utf-8 114.6041ms
2025-06-01 23:36:03.242 -06:00 [INF] Request finished HTTP/2 GET https://localhost:7203/_vs/browserLink - 200 null text/javascript; charset=UTF-8 273.8372ms
2025-06-01 23:36:03.424 -06:00 [INF] Request starting HTTP/2 GET https://localhost:7203/swagger/v1/swagger.json - null null
2025-06-01 23:36:03.562 -06:00 [INF] Request finished HTTP/2 GET https://localhost:7203/swagger/v1/swagger.json - 200 null application/json;charset=utf-8 137.7692ms
2025-06-01 23:38:28.803 -06:00 [INF] Now listening on: https://localhost:7203
2025-06-01 23:38:28.828 -06:00 [INF] Now listening on: http://localhost:5157
2025-06-01 23:38:28.893 -06:00 [INF] Application started. Press Ctrl+C to shut down.
2025-06-01 23:38:28.895 -06:00 [INF] Hosting environment: Development
2025-06-01 23:38:28.896 -06:00 [INF] Content root path: C:\Proyectos\Inceptio\Capacitaciones\azure-training\UserManagement\UserManagement
2025-06-01 23:38:29.231 -06:00 [INF] Request starting HTTP/2 GET https://localhost:7203/swagger/index.html - null null
2025-06-01 23:38:29.398 -06:00 [INF] Request finished HTTP/2 GET https://localhost:7203/swagger/index.html - 200 null text/html;charset=utf-8 178.4021ms
2025-06-01 23:38:29.401 -06:00 [INF] Request starting HTTP/2 GET https://localhost:7203/_framework/aspnetcore-browser-refresh.js - null null
2025-06-01 23:38:29.401 -06:00 [INF] Request starting HTTP/2 GET https://localhost:7203/_vs/browserLink - null null
2025-06-01 23:38:29.421 -06:00 [INF] Request finished HTTP/2 GET https://localhost:7203/_framework/aspnetcore-browser-refresh.js - 200 13780 application/javascript; charset=utf-8 19.7133ms
2025-06-01 23:38:29.447 -06:00 [INF] Request finished HTTP/2 GET https://localhost:7203/_vs/browserLink - 200 null text/javascript; charset=UTF-8 46.6457ms
2025-06-01 23:38:29.473 -06:00 [INF] Request starting HTTP/2 GET https://localhost:7203/swagger/v1/swagger.json - null null
2025-06-01 23:38:29.486 -06:00 [INF] Request finished HTTP/2 GET https://localhost:7203/swagger/v1/swagger.json - 200 null application/json;charset=utf-8 13.5873ms
2025-06-01 23:39:51.788 -06:00 [INF] Now listening on: https://localhost:7203
2025-06-01 23:39:51.811 -06:00 [INF] Now listening on: http://localhost:5157
2025-06-01 23:39:51.871 -06:00 [INF] Application started. Press Ctrl+C to shut down.
2025-06-01 23:39:51.872 -06:00 [INF] Hosting environment: Development
2025-06-01 23:39:51.873 -06:00 [INF] Content root path: C:\Proyectos\Inceptio\Capacitaciones\azure-training\UserManagement\UserManagement
2025-06-01 23:39:52.410 -06:00 [INF] Request starting HTTP/2 GET https://localhost:7203/swagger/index.html - null null
2025-06-01 23:39:52.549 -06:00 [INF] Request finished HTTP/2 GET https://localhost:7203/swagger/index.html - 200 null text/html;charset=utf-8 148.0536ms
2025-06-01 23:39:52.553 -06:00 [INF] Request starting HTTP/2 GET https://localhost:7203/_framework/aspnetcore-browser-refresh.js - null null
2025-06-01 23:39:52.553 -06:00 [INF] Request starting HTTP/2 GET https://localhost:7203/_vs/browserLink - null null
2025-06-01 23:39:52.564 -06:00 [INF] Request finished HTTP/2 GET https://localhost:7203/_framework/aspnetcore-browser-refresh.js - 200 13780 application/javascript; charset=utf-8 11.0328ms
2025-06-01 23:39:52.590 -06:00 [INF] Request finished HTTP/2 GET https://localhost:7203/_vs/browserLink - 200 null text/javascript; charset=UTF-8 36.823ms
2025-06-01 23:39:52.617 -06:00 [INF] Request starting HTTP/2 GET https://localhost:7203/swagger/v1/swagger.json - null null
2025-06-01 23:39:52.631 -06:00 [INF] Request finished HTTP/2 GET https://localhost:7203/swagger/v1/swagger.json - 200 null application/json;charset=utf-8 14.7053ms
2025-06-01 23:39:56.092 -06:00 [INF] Request starting HTTP/2 GET https://localhost:7203/api/Users - null null
2025-06-01 23:39:56.110 -06:00 [INF] Executing endpoint 'UserManagement.Controllers.UsersController.GetUsers (UserManagement)'
2025-06-01 23:39:56.134 -06:00 [INF] Route matched with {action = "GetUsers", controller = "Users"}. Executing controller action with signature System.Threading.Tasks.Task`1[Microsoft.AspNetCore.Mvc.IActionResult] GetUsers(UserManagement.Domain.Users.Dtos.UserParametersDto) on controller UserManagement.Controllers.UsersController (UserManagement).
2025-06-01 23:39:56.154 -06:00 [INF] Executing action method UserManagement.Controllers.UsersController.GetUsers (UserManagement) - Validation state: "Valid"
2025-06-01 23:39:56.942 -06:00 [INF] Executed DbCommand (21ms) [Parameters=[], CommandType='"Text"', CommandTimeout='30']
SELECT [u].[Username], [u].[Email], [u].[PasswordHash], [u].[LastLoginAt]
FROM [Users] AS [u]
2025-06-01 23:39:56.960 -06:00 [INF] Executed action method UserManagement.Controllers.UsersController.GetUsers (UserManagement), returned result Microsoft.AspNetCore.Mvc.OkObjectResult in 802.0056ms.
2025-06-01 23:39:56.966 -06:00 [INF] Executing OkObjectResult, writing value of type 'System.Collections.Generic.List`1[[UserManagement.Domain.Users.Dtos.UserDto, UserManagement, Version=1.0.0.0, Culture=neutral, PublicKeyToken=null]]'.
2025-06-01 23:39:56.975 -06:00 [INF] Executed action UserManagement.Controllers.UsersController.GetUsers (UserManagement) in 837.5497ms
2025-06-01 23:39:56.977 -06:00 [INF] Executed endpoint 'UserManagement.Controllers.UsersController.GetUsers (UserManagement)'
2025-06-01 23:39:56.979 -06:00 [INF] HTTP GET /api/Users responded 200 in 881.6587 ms
2025-06-01 23:39:56.985 -06:00 [INF] Request finished HTTP/2 GET https://localhost:7203/api/Users - 200 null application/json; charset=utf-8 893.5916ms
